[INFO] 04:28:32 - ========== GitHub Trending 采集 v2 开始 ==========
[INFO] 04:28:32 - 日期: 2026-04-22
[INFO] 04:28:32 - Token: 未配置（使用匿名模式）
[INFO] 04:28:32 - >> 策略1: 通过 GitHub API 采集...
[INFO] 04:28:32 -   查询: stars:>500 created:>2026-03-23
[WARN] 04:28:33 -   API请求失败: 基础连接已经关闭: 未能为 SSL/TLS 安全通道建立信任关系。
[INFO] 04:28:35 -   查询: stars:>1000 pushed:>2026-03-23
[WARN] 04:28:36 -   API请求失败: 基础连接已经关闭: 未能为 SSL/TLS 安全通道建立信任关系。
[INFO] 04:28:38 -   去重后: 0 个项目
[WARN] 04:28:38 - API 采集失败，切换到镜像站策略...
[INFO] 04:28:38 - >> 策略2: 通过镜像站采集...
[INFO] 04:28:38 -   尝试: https://hub.fastgit.xyz
[WARN] 04:28:44 -   镜像站失败: https://hub.fastgit.xyz - 远程服务器返回错误: (400) 错误的请求。
[INFO] 04:28:46 -   尝试: https://ghproxy.com
[INFO] 04:28:50 -   镜像站成功: 1 个项目
[INFO] 04:28:50 - Markdown报告: C:\Users\Administrator\clawd\agents\workspace-gid\data\tech\github-trending-2026-04-22.md
[INFO] 04:28:50 - JSON数据: C:\Users\Administrator\clawd\agents\workspace-gid\data\tech\github-trending-2026-04-22.json
[INFO] 04:28:50 - ========== 采集完成 ==========
[INFO] 04:28:50 - 共采集: 7 个项目
[INFO] 04:28:50 - 热门项目:  (★)
[INFO] 04:29:03 - ========== GitHub Trending 采集 v2 开始 ==========
[INFO] 04:29:03 - 日期: 2026-04-22
[INFO] 04:29:03 - Token: 未配置（使用匿名模式）
[INFO] 04:29:03 - >> 策略1: 通过 GitHub API 采集...
[INFO] 04:29:03 -   查询: stars:>500 created:>2026-03-23
[WARN] 04:29:04 -   API请求失败: The SSL connection could not be established, see inner exception.
[INFO] 04:29:06 -   查询: stars:>1000 pushed:>2026-03-23
[WARN] 04:29:07 -   API请求失败: The SSL connection could not be established, see inner exception.
[INFO] 04:29:09 -   去重后: 0 个项目
[WARN] 04:29:09 - API 采集失败，切换到镜像站策略...
[INFO] 04:29:09 - >> 策略2: 通过镜像站采集...
[INFO] 04:29:09 -   尝试: https://hub.fastgit.xyz
[WARN] 04:29:11 -   镜像站失败: https://hub.fastgit.xyz - Operation is not valid due to the current state of
[INFO] 04:29:13 -   尝试: https://ghproxy.com
[INFO] 04:29:15 -   镜像站成功: 1 个项目
[INFO] 04:29:15 - Markdown报告: C:\Users\Administrator\clawd\agents\workspace-gid\data\tech\github-trending-2026-04-22.md
[INFO] 04:29:15 - JSON数据: C:\Users\Administrator\clawd\agents\workspace-gid\data\tech\github-trending-2026-04-22.json
[INFO] 04:29:15 - ========== 采集完成 ==========
[INFO] 04:29:15 - 共采集: 7 个项目
[INFO] 04:29:15 - 热门项目:  (★)
