[INFO] 19:31:57 - ========== 市场数据采集开始 ==========
[INFO] 19:31:57 - 采集时间: 2026-03-25 19:31:57
[INFO] 19:31:57 - >> 采集加密货币价格 (BTC/ETH/SOL)...
[INFO] 19:31:57 -   查询: ETH 以太坊价格 今日
[ERROR] 19:31:57 -   ETH 以太坊价格 今日 查询失败
[INFO] 19:31:59 -   查询: SOL Solana 价格 今日
[ERROR] 19:31:59 -   SOL Solana 价格 今日 查询失败
[INFO] 19:32:01 -   查询: BTC 比特币价格 今日
[ERROR] 19:32:01 -   BTC 比特币价格 今日 查询失败
[INFO] 19:32:03 - >> 采集VIX恐慌指数...
[ERROR] 19:32:03 -   VIX采集失败
[INFO] 19:32:03 - >> 采集黄金价格...
[ERROR] 19:32:03 -   黄金数据采集失败
[INFO] 19:32:03 - >> 采集原油价格...
[ERROR] 19:32:03 -   原油数据采集失败
[INFO] 19:32:03 - >> 采集加密货币市场情绪...
[ERROR] 19:32:03 -   市场情绪采集失败
[INFO] 19:32:03 - ========== 采集完成 ==========
[INFO] 19:32:03 - 数据文件: C:\Users\Administrator\clawd\agents\workspace-gid\data\market\market-data_2026-03-25_19-31.json
[INFO] 19:32:03 - 错误数量: 6
[WARN] 19:32:03 - 错误详情: Crypto query failed: ETH 以太坊价格 今日; Crypto query failed: SOL Solana 价格 今日; Crypto query failed: BTC 比特币价格 今日; VIX query failed; Gold query failed; Oil query failed
[INFO] 19:32:58 - ========== 市场数据采集开始 ==========
[INFO] 19:32:58 - 采集时间: 2026-03-25 19:32:58
[INFO] 19:32:58 - >> 采集加密货币价格 (BTC/ETH/SOL)...
[INFO] 19:32:58 -   查询: Bitcoin BTC 价格 今日 USD...
[WARN] 19:32:58 -   BTC 价格提取失败
[INFO] 19:32:58 -   查询: Ethereum ETH 以太坊 价格 今日...
[WARN] 19:32:58 -   ETH 价格提取失败
[INFO] 19:32:58 -   查询: Solana SOL 价格 今日...
[WARN] 19:32:59 -   SOL 价格提取失败
[INFO] 19:32:59 - >> 采集VIX恐慌指数...
[INFO] 19:32:59 - >> 采集黄金价格...
[INFO] 19:32:59 - >> 采集原油价格...
[INFO] 19:32:59 - ========== 采集完成 ==========
[INFO] 19:32:59 - 数据文件: C:\Users\Administrator\clawd\agents\workspace-gid\data\market\market-data_2026-03-25_19-32.json
[WARN] 19:32:59 - 错误数量: 3
[INFO] 19:32:59 - 错误详情: BTC 价格提取失败; ETH 价格提取失败; SOL 价格提取失败
