[INFO] 17:15:26 - ========== 价格采集开始 (v8 多源降级) ==========
[INFO] 17:15:26 - 时间: 2026-06-02 17:15:26
[INFO] 17:15:26 - >> 采集加密货币 (BTC/ETH/SOL)...
[INFO] 17:15:26 -   采集 BTC ...
[OK] 17:15:30 -   BTC = 69478.01 [CryptoCompare_API] 质量:高
[INFO] 17:15:30 -   采集 ETH ...
[OK] 17:15:30 -   ETH = 1970.05 [CryptoCompare_API] 质量:高
[INFO] 17:15:30 -   采集 SOL ...
[OK] 17:15:30 -   SOL = 79.19 [CryptoCompare_API] 质量:高
[INFO] 17:15:30 - >> 采集VIX恐慌指数...
[OK] 17:15:38 -   VIX = 16.19 [Yahoo_Finance_VIX] 质量:高
[INFO] 17:15:38 - >> 采集黄金价格...
[INFO] 17:15:39 -   GOLD Kitco字体样式正则成功: 4534.4
[OK] 17:15:39 -   GOLD = 4534.4 [kitco.com] 质量:中
[INFO] 17:15:39 - >> 采集原油价格...
[INFO] 17:16:03 -   OIL TradingEconomics抓取成功: 90.63
[OK] 17:16:03 -   OIL = 90.63 [tradingeconomics.com] 质量:中
[INFO] 17:16:03 - ========== 采集完成 ==========
[INFO] 17:16:03 - 输出: C:\Users\Administrator\clawd\agents\workspace-gid\data\market\prices_2026-06-02_17-15.json
[INFO] 17:16:03 - 质量: 高 (平均分 85)
[INFO] 17:16:03 - 错误: 0 项
