[INFO] 20:00:02 - ========== 宏观数据采集 (IE COM) ==========
[INFO] 20:00:02 - >> 采集黄金 (Kitco/goldprice.org)...
[WARN] 20:00:05 -   GOLD 采集失败，尝试IE浏览器...
[WARN] 20:00:12 -   GOLD 所有方法失败
[INFO] 20:00:12 - >> 采集WTI原油 (TradingEconomics/oilprice.com)...
[OK] 20:00:32 -   OIL = 95.42 [oilprice.com fallback] OK
[INFO] 20:00:32 - >> 采集VIX恐慌指数...
[OK] 20:00:38 -   VIX = 17.19 [Yahoo Finance] OK
[INFO] 20:00:39 -   合并已有数据: crypto保留 3 项, macro合并 3 项
[INFO] 20:00:39 -   prices_latest.json 已更新
[INFO] 20:00:39 - ========== 采集完成 ==========
[INFO] 20:00:39 - 输出: C:\Users\Administrator\clawd\agents\workspace-gid\data\market\prices_latest.json
[INFO] 08:00:02 - ========== 宏观数据采集 (IE COM) ==========
[INFO] 08:00:02 - >> 采集黄金 (Kitco/goldprice.org)...
[WARN] 08:00:05 -   GOLD 采集失败，尝试IE浏览器...
[WARN] 08:00:11 -   GOLD 所有方法失败
[INFO] 08:00:11 - >> 采集WTI原油 (TradingEconomics/oilprice.com)...
[OK] 08:00:13 -   OIL = 94.68 [tradingeconomics.com] OK
[INFO] 08:00:13 - >> 采集VIX恐慌指数...
[OK] 08:00:19 -   VIX = 17.19 [Yahoo Finance] OK
[INFO] 08:00:20 -   合并已有数据: crypto保留 3 项, macro合并 3 项
[INFO] 08:00:20 -   prices_latest.json 已更新
[INFO] 08:00:20 - ========== 采集完成 ==========
[INFO] 08:00:20 - 输出: C:\Users\Administrator\clawd\agents\workspace-gid\data\market\prices_latest.json
[INFO] 20:00:02 - ========== 宏观数据采集 (IE COM) ==========
[INFO] 20:00:02 - >> 采集黄金 (Kitco/goldprice.org)...
[WARN] 20:00:11 -   GOLD 采集失败，尝试IE浏览器...
[WARN] 20:00:17 -   GOLD 所有方法失败
[INFO] 20:00:17 - >> 采集WTI原油 (TradingEconomics/oilprice.com)...
[WARN] 20:00:38 -   OIL 采集失败
[INFO] 20:00:38 - >> 采集VIX恐慌指数...
[WARN] 20:00:53 -   VIX 采集失败
[WARN] 20:00:53 -   本次无有效宏观数据采集，跳过 prices_latest.json 更新（保留已有数据）
[INFO] 20:00:53 - ========== 采集完成 ==========
[INFO] 20:00:53 - 输出: C:\Users\Administrator\clawd\agents\workspace-gid\data\market\prices_latest.json
[INFO] 08:00:02 - ========== 宏观数据采集 (IE COM) ==========
[INFO] 08:00:02 - >> 采集黄金 (Kitco/goldprice.org)...
[WARN] 08:00:04 -   GOLD 采集失败，尝试IE浏览器...
[WARN] 08:00:11 -   GOLD 所有方法失败
[INFO] 08:00:11 - >> 采集WTI原油 (TradingEconomics/oilprice.com)...
[WARN] 08:00:21 -   OIL 采集失败
[INFO] 08:00:21 - >> 采集VIX恐慌指数...
[WARN] 08:00:36 -   VIX 采集失败
[WARN] 08:00:36 -   本次无有效宏观数据采集，跳过 prices_latest.json 更新（保留已有数据）
[INFO] 08:00:36 - ========== 采集完成 ==========
[INFO] 08:00:36 - 输出: C:\Users\Administrator\clawd\agents\workspace-gid\data\market\prices_latest.json
[INFO] 20:00:02 - ========== 宏观数据采集 (IE COM) ==========
[INFO] 20:00:02 - >> 采集黄金 (Kitco/goldprice.org)...
[WARN] 20:00:03 -   GOLD 采集失败，尝试IE浏览器...
[WARN] 20:00:10 -   GOLD 所有方法失败
[INFO] 20:00:10 - >> 采集WTI原油 (TradingEconomics/oilprice.com)...
[OK] 20:00:11 -   OIL = 97.86 [tradingeconomics.com] OK
[INFO] 20:00:11 - >> 采集VIX恐慌指数...
[OK] 20:00:13 -   VIX = 18.14 [Yahoo Finance] OK
[INFO] 20:00:13 -   合并已有数据: crypto保留 3 项, macro合并 3 项
[INFO] 20:00:13 -   prices_latest.json 已更新
[INFO] 20:00:13 - ========== 采集完成 ==========
[INFO] 20:00:13 - 输出: C:\Users\Administrator\clawd\agents\workspace-gid\data\market\prices_latest.json
[INFO] 08:00:02 - ========== 宏观数据采集 (IE COM) ==========
[INFO] 08:00:02 - >> 采集黄金 (Kitco/goldprice.org)...
[WARN] 08:00:03 -   GOLD 采集失败，尝试IE浏览器...
[WARN] 08:00:10 -   GOLD 所有方法失败
[INFO] 08:00:10 - >> 采集WTI原油 (TradingEconomics/oilprice.com)...
[OK] 08:00:11 -   OIL = 98.11 [tradingeconomics.com] OK
[INFO] 08:00:11 - >> 采集VIX恐慌指数...
[OK] 08:00:12 -   VIX = 18.38 [Yahoo Finance] OK
[INFO] 08:00:12 -   合并已有数据: crypto保留 3 项, macro合并 3 项
[INFO] 08:00:12 -   prices_latest.json 已更新
[INFO] 08:00:12 - ========== 采集完成 ==========
[INFO] 08:00:12 - 输出: C:\Users\Administrator\clawd\agents\workspace-gid\data\market\prices_latest.json
[INFO] 20:00:02 - ========== 宏观数据采集 (IE COM) ==========
[INFO] 20:00:02 - >> 采集黄金 (Kitco/goldprice.org)...
[WARN] 20:00:05 -   GOLD 采集失败，尝试IE浏览器...
[WARN] 20:00:12 -   GOLD 所有方法失败
[INFO] 20:00:12 - >> 采集WTI原油 (TradingEconomics/oilprice.com)...
[OK] 20:00:13 -   OIL = 101.31 [tradingeconomics.com] OK
[INFO] 20:00:13 - >> 采集VIX恐慌指数...
[OK] 20:00:20 -   VIX = 18.76 [Yahoo Finance] OK
[INFO] 20:00:20 -   合并已有数据: crypto保留 3 项, macro合并 3 项
[INFO] 20:00:20 -   prices_latest.json 已更新
[INFO] 20:00:20 - ========== 采集完成 ==========
[INFO] 20:00:20 - 输出: C:\Users\Administrator\clawd\agents\workspace-gid\data\market\prices_latest.json
[INFO] 20:00:03 - ========== 宏观数据采集 (IE COM) ==========
[INFO] 20:00:03 - >> 采集黄金 (Kitco/goldprice.org)...
[WARN] 20:00:04 -   GOLD 采集失败，尝试IE浏览器...
[WARN] 20:00:12 -   GOLD 所有方法失败
[INFO] 20:00:12 - >> 采集WTI原油 (TradingEconomics/oilprice.com)...
[OK] 20:00:12 -   OIL = 101.74 [tradingeconomics.com] OK
[INFO] 20:00:12 - >> 采集VIX恐慌指数...
[OK] 20:00:17 -   VIX = 17.85 [Yahoo Finance] OK
[INFO] 20:00:17 -   合并已有数据: crypto保留 3 项, macro合并 3 项
[INFO] 20:00:17 -   prices_latest.json 已更新
[INFO] 20:00:17 - ========== 采集完成 ==========
[INFO] 20:00:17 - 输出: C:\Users\Administrator\clawd\agents\workspace-gid\data\market\prices_latest.json
[INFO] 08:00:02 - ========== 宏观数据采集 (IE COM) ==========
[INFO] 08:00:02 - >> 采集黄金 (Kitco/goldprice.org)...
[WARN] 08:00:03 -   GOLD 采集失败，尝试IE浏览器...
[WARN] 08:00:10 -   GOLD 所有方法失败
[INFO] 08:00:10 - >> 采集WTI原油 (TradingEconomics/oilprice.com)...
[OK] 08:00:11 -   OIL = 101.02 [tradingeconomics.com] OK
[INFO] 08:00:11 - >> 采集VIX恐慌指数...
[OK] 08:00:12 -   VIX = 17.87 [Yahoo Finance] OK
[INFO] 08:00:12 -   合并已有数据: crypto保留 3 项, macro合并 3 项
[INFO] 08:00:12 -   prices_latest.json 已更新
[INFO] 08:00:12 - ========== 采集完成 ==========
[INFO] 08:00:12 - 输出: C:\Users\Administrator\clawd\agents\workspace-gid\data\market\prices_latest.json
[INFO] 20:00:02 - ========== 宏观数据采集 (IE COM) ==========
[INFO] 20:00:02 - >> 采集黄金 (Kitco/goldprice.org)...
[WARN] 20:00:05 -   GOLD 采集失败，尝试IE浏览器...
[WARN] 20:00:12 -   GOLD 所有方法失败
[INFO] 20:00:12 - >> 采集WTI原油 (TradingEconomics/oilprice.com)...
[OK] 20:00:15 -   OIL = 100.43 [tradingeconomics.com] OK
[INFO] 20:00:15 - >> 采集VIX恐慌指数...
[OK] 20:00:26 -   VIX = 17.86 [Yahoo Finance] OK
[INFO] 20:00:26 -   合并已有数据: crypto保留 3 项, macro合并 3 项
[INFO] 20:00:26 -   prices_latest.json 已更新
[INFO] 20:00:26 - ========== 采集完成 ==========
[INFO] 20:00:26 - 输出: C:\Users\Administrator\clawd\agents\workspace-gid\data\market\prices_latest.json
[INFO] 08:00:05 - ========== 宏观数据采集 (IE COM) ==========
[INFO] 08:00:05 - >> 采集黄金 (Kitco/goldprice.org)...
[WARN] 08:00:07 -   GOLD 采集失败，尝试IE浏览器...
[WARN] 08:00:14 -   GOLD 所有方法失败
[INFO] 08:00:14 - >> 采集WTI原油 (TradingEconomics/oilprice.com)...
[WARN] 08:00:24 -   OIL 采集失败
[INFO] 08:00:24 - >> 采集VIX恐慌指数...
[OK] 08:00:30 -   VIX = 17.26 [Yahoo Finance] OK
[INFO] 08:00:30 -   合并已有数据: crypto保留 3 项, macro合并 3 项
[INFO] 08:00:30 -   prices_latest.json 已更新
[INFO] 08:00:30 - ========== 采集完成 ==========
[INFO] 08:00:30 - 输出: C:\Users\Administrator\clawd\agents\workspace-gid\data\market\prices_latest.json
[INFO] 20:00:02 - ========== 宏观数据采集 (IE COM) ==========
[INFO] 20:00:02 - >> 采集黄金 (Kitco/goldprice.org)...
[WARN] 20:00:04 -   GOLD 采集失败，尝试IE浏览器...
[WARN] 20:00:11 -   GOLD 所有方法失败
[INFO] 20:00:11 - >> 采集WTI原油 (TradingEconomics/oilprice.com)...
[OK] 20:00:12 -   OIL = 105.42 [tradingeconomics.com] OK
[INFO] 20:00:12 - >> 采集VIX恐慌指数...
[OK] 20:00:16 -   VIX = 18.43 [Yahoo Finance] OK
[INFO] 20:00:16 -   合并已有数据: crypto保留 3 项, macro合并 3 项
[INFO] 20:00:16 -   prices_latest.json 已更新
[INFO] 20:00:16 - ========== 采集完成 ==========
[INFO] 20:00:16 - 输出: C:\Users\Administrator\clawd\agents\workspace-gid\data\market\prices_latest.json
[INFO] 08:00:02 - ========== 宏观数据采集 (IE COM) ==========
[INFO] 08:00:02 - >> 采集黄金 (Kitco/goldprice.org)...
[WARN] 08:00:03 -   GOLD 采集失败，尝试IE浏览器...
[WARN] 08:00:10 -   GOLD 所有方法失败
[INFO] 08:00:10 - >> 采集WTI原油 (TradingEconomics/oilprice.com)...
[OK] 08:00:11 -   OIL = 107.08 [tradingeconomics.com] OK
[INFO] 08:00:11 - >> 采集VIX恐慌指数...
[OK] 08:00:15 -   VIX = 18.43 [Yahoo Finance] OK
[INFO] 08:00:15 -   合并已有数据: crypto保留 3 项, macro合并 3 项
[INFO] 08:00:15 -   prices_latest.json 已更新
[INFO] 08:00:15 - ========== 采集完成 ==========
[INFO] 08:00:15 - 输出: C:\Users\Administrator\clawd\agents\workspace-gid\data\market\prices_latest.json
[INFO] 20:00:03 - ========== 宏观数据采集 (IE COM) ==========
[INFO] 20:00:03 - >> 采集黄金 (Kitco/goldprice.org)...
[WARN] 20:00:04 -   GOLD 采集失败，尝试IE浏览器...
[WARN] 20:00:12 -   GOLD 所有方法失败
[INFO] 20:00:12 - >> 采集WTI原油 (TradingEconomics/oilprice.com)...
[OK] 20:00:13 -   OIL = 105.31 [tradingeconomics.com] OK
[INFO] 20:00:13 - >> 采集VIX恐慌指数...
[OK] 20:00:17 -   VIX = 18.67 [Yahoo Finance] OK
[INFO] 20:00:17 -   合并已有数据: crypto保留 3 项, macro合并 3 项
[INFO] 20:00:17 -   prices_latest.json 已更新
[INFO] 20:00:17 - ========== 采集完成 ==========
[INFO] 20:00:17 - 输出: C:\Users\Administrator\clawd\agents\workspace-gid\data\market\prices_latest.json
[INFO] 08:00:02 - ========== 宏观数据采集 (IE COM) ==========
[INFO] 08:00:02 - >> 采集黄金 (Kitco/goldprice.org)...
[WARN] 08:00:03 -   GOLD 采集失败，尝试IE浏览器...
[WARN] 08:00:11 -   GOLD 所有方法失败
[INFO] 08:00:11 - >> 采集WTI原油 (TradingEconomics/oilprice.com)...
[OK] 08:00:12 -   OIL = 107.21 [tradingeconomics.com] OK
[INFO] 08:00:12 - >> 采集VIX恐慌指数...
[OK] 08:00:16 -   VIX = 17.82 [Yahoo Finance] OK
[INFO] 08:00:16 -   合并已有数据: crypto保留 3 项, macro合并 3 项
[INFO] 08:00:16 -   prices_latest.json 已更新
[INFO] 08:00:16 - ========== 采集完成 ==========
[INFO] 08:00:16 - 输出: C:\Users\Administrator\clawd\agents\workspace-gid\data\market\prices_latest.json
[INFO] 20:00:03 - ========== 宏观数据采集 (IE COM) ==========
[INFO] 20:00:03 - >> 采集黄金 (Kitco/goldprice.org)...
[WARN] 20:00:07 -   GOLD 采集失败，尝试IE浏览器...
[WARN] 20:00:14 -   GOLD 所有方法失败
[INFO] 20:00:14 - >> 采集WTI原油 (TradingEconomics/oilprice.com)...
[OK] 20:00:15 -   OIL = 102.13 [tradingeconomics.com] OK
[INFO] 20:00:15 - >> 采集VIX恐慌指数...
[OK] 20:00:22 -   VIX = 17.99 [Yahoo Finance] OK
[INFO] 20:00:22 -   合并已有数据: crypto保留 3 项, macro合并 3 项
[INFO] 20:00:22 -   prices_latest.json 已更新
[INFO] 20:00:22 - ========== 采集完成 ==========
[INFO] 20:00:22 - 输出: C:\Users\Administrator\clawd\agents\workspace-gid\data\market\prices_latest.json
[INFO] 17:36:26 - ========== 宏观数据采集 (IE COM) ==========
[INFO] 17:36:26 - >> 采集黄金 (Kitco/goldprice.org)...
[OK] 17:36:30 -   GOLD = 4443.1 [kitco.com] OK
[INFO] 17:36:30 - >> 采集WTI原油 (TradingEconomics/oilprice.com)...
[OK] 17:36:31 -   OIL = 96.32 [tradingeconomics.com] OK
[INFO] 17:36:31 - >> 采集VIX恐慌指数...
[INFO] 05:03:27 - ========== 宏观数据采集 (IE COM) ==========
[INFO] 05:03:27 - >> 采集黄金 (Kitco/goldprice.org)...
[OK] 05:03:30 -   GOLD = 4435.7 [kitco.com] OK
[INFO] 05:03:30 - >> 采集WTI原油 (TradingEconomics/oilprice.com)...
[OK] 05:03:30 -   OIL = 96.18 [tradingeconomics.com] OK
[INFO] 05:03:30 - >> 采集VIX恐慌指数...
[INFO] 14:00:19 - ========== 宏观数据采集 (IE COM) ==========
[INFO] 14:00:19 - >> 采集黄金 (Kitco/goldprice.org)...
[OK] 14:00:22 -   GOLD = 4469.6 [kitco.com] OK
[INFO] 14:00:22 - >> 采集WTI原油 (TradingEconomics/oilprice.com)...
[OK] 14:00:22 -   OIL = 95.38 [tradingeconomics.com] OK
[INFO] 14:00:22 - >> 采集VIX恐慌指数...
[INFO] 16:00:23 - ========== 宏观数据采集 (IE COM) ==========
[INFO] 16:00:23 - >> 采集黄金 (Kitco/goldprice.org)...
[OK] 16:00:25 -   GOLD = 4461.7 [kitco.com] OK
[INFO] 16:00:25 - >> 采集WTI原油 (TradingEconomics/oilprice.com)...
[OK] 16:00:27 -   OIL = 95.41 [tradingeconomics.com] OK
[INFO] 16:00:27 - >> 采集VIX恐慌指数...
[INFO] 14:01:46 - ========== 宏观数据采集 (IE COM) ==========
[INFO] 14:01:46 - >> 采集黄金 (Kitco/goldprice.org)...
[INFO] 05:00:19 - ========== 宏观数据采集 (IE COM) ==========
[INFO] 05:00:19 - >> 采集黄金 (Kitco/goldprice.org)...
[OK] 05:00:20 -   GOLD = 4220 [kitco.com] OK
[INFO] 05:00:20 - >> 采集WTI原油 (TradingEconomics/oilprice.com)...
[OK] 05:00:20 -   OIL = 84.27 [tradingeconomics.com] OK
[INFO] 05:00:20 - >> 采集VIX恐慌指数...
[INFO] 06:00:19 - ========== 宏观数据采集 (IE COM) ==========
[INFO] 06:00:19 - >> 采集黄金 (Kitco/goldprice.org)...
[OK] 06:00:20 -   GOLD = 4220.3 [kitco.com] OK
[INFO] 06:00:20 - >> 采集WTI原油 (TradingEconomics/oilprice.com)...
[OK] 06:00:20 -   OIL = 84.29 [tradingeconomics.com] OK
[INFO] 06:00:20 - >> 采集VIX恐慌指数...
[INFO] 00:00:22 - ========== 宏观数据采集 (IE COM) ==========
[INFO] 00:00:22 - >> 采集黄金 (Kitco/goldprice.org)...
[OK] 00:00:23 -   GOLD = 4220.3 [kitco.com] OK
[INFO] 00:00:23 - >> 采集WTI原油 (TradingEconomics/oilprice.com)...
[OK] 00:00:24 -   OIL = 84.29 [tradingeconomics.com] OK
[INFO] 00:00:24 - >> 采集VIX恐慌指数...
[INFO] 01:00:20 - ========== 宏观数据采集 (IE COM) ==========
[INFO] 01:00:20 - >> 采集黄金 (Kitco/goldprice.org)...
[OK] 01:00:21 -   GOLD = 4220.3 [kitco.com] OK
[INFO] 01:00:21 - >> 采集WTI原油 (TradingEconomics/oilprice.com)...
[OK] 01:00:22 -   OIL = 84.29 [tradingeconomics.com] OK
[INFO] 01:00:22 - >> 采集VIX恐慌指数...
[INFO] 03:00:19 - ========== 宏观数据采集 (IE COM) ==========
[INFO] 03:00:19 - >> 采集黄金 (Kitco/goldprice.org)...
[OK] 03:00:20 -   GOLD = 4220.3 [kitco.com] OK
[INFO] 03:00:20 - >> 采集WTI原油 (TradingEconomics/oilprice.com)...
[OK] 03:00:21 -   OIL = 84.88 [tradingeconomics.com] OK
[INFO] 03:00:21 - >> 采集VIX恐慌指数...
[INFO] 05:00:19 - ========== 宏观数据采集 (IE COM) ==========
[INFO] 05:00:19 - >> 采集黄金 (Kitco/goldprice.org)...
[OK] 05:00:20 -   GOLD = 4220.3 [kitco.com] OK
[INFO] 05:00:20 - >> 采集WTI原油 (TradingEconomics/oilprice.com)...
[OK] 05:00:20 -   OIL = 84.88 [tradingeconomics.com] OK
[INFO] 05:00:20 - >> 采集VIX恐慌指数...
[INFO] 06:00:19 - ========== 宏观数据采集 (IE COM) ==========
[INFO] 06:00:19 - >> 采集黄金 (Kitco/goldprice.org)...
[OK] 06:00:20 -   GOLD = 4220.3 [kitco.com] OK
[INFO] 06:00:20 - >> 采集WTI原油 (TradingEconomics/oilprice.com)...
[OK] 06:00:21 -   OIL = 84.88 [tradingeconomics.com] OK
[INFO] 06:00:21 - >> 采集VIX恐慌指数...
[INFO] 08:00:18 - ========== 宏观数据采集 (IE COM) ==========
[INFO] 08:00:18 - >> 采集黄金 (Kitco/goldprice.org)...
[OK] 08:00:19 -   GOLD = 4318.4 [kitco.com] OK
[INFO] 08:00:19 - >> 采集WTI原油 (TradingEconomics/oilprice.com)...
[OK] 08:00:19 -   OIL = 81.46 [tradingeconomics.com] OK
[INFO] 08:00:19 - >> 采集VIX恐慌指数...
[INFO] 15:00:44 - ========== 宏观数据采集 (IE COM) ==========
[INFO] 15:00:44 - >> 采集黄金 (Kitco/goldprice.org)...
[INFO] 15:49:15 - ========== 宏观数据采集 (IE COM) ==========
[INFO] 15:49:15 - >> 采集黄金 (Kitco/goldprice.org)...
[INFO] 20:00:54 - ========== 宏观数据采集 (IE COM) ==========
[INFO] 20:00:54 - >> 采集黄金 (Kitco/goldprice.org)...
