[INFO] 13:57:40 - ========== GitHub Trending 采集 v3 ==========
[INFO] 13:57:40 - 日期: 2026-04-24
[INFO] 13:57:40 - 发现已有数据: C:\Users\Administrator\clawd\agents\workspace-gid\data\ai\github-trending_latest.json
[INFO] 13:57:40 - 加载了  个项目
[INFO] 13:57:40 - ========== 采集完成 ==========
[INFO] 13:57:40 - 项目总数: 
[INFO] 13:57:40 - GitHub API URL (browser模式): https://api.github.com/search/repositories?q=stars%3A%3E1000+pushed%3A%3E2026-03-25&sort=stars&order=desc&per_page=30
[INFO] 14:13:22 - ========== GitHub Trending 采集 v3 ==========
[INFO] 14:13:22 - 日期: 2026-04-24
[INFO] 14:13:22 - 发现已有数据: C:\Users\Administrator\clawd\agents\workspace-gid\data\ai\github-trending_latest.json
[INFO] 14:13:22 - 加载了 1 个项目
[INFO] 14:13:22 - Markdown报告: C:\Users\Administrator\clawd\agents\workspace-gid\data\ai\github-trending-2026-04-24.md
[INFO] 14:13:22 - ========== 采集完成 ==========
[INFO] 14:13:22 - 项目总数: 1
[INFO] 14:13:22 - GitHub API URL (browser模式): https://api.github.com/search/repositories?q=stars%3A%3E1000+pushed%3A%3E2026-03-25&sort=stars&order=desc&per_page=30
[INFO] 14:14:44 - ========== GitHub Trending 采集 v3 ==========
[INFO] 14:14:44 - 日期: 2026-04-24
[INFO] 14:14:44 - 发现已有数据: C:\Users\Administrator\clawd\agents\workspace-gid\data\ai\github-trending_latest.json
[INFO] 14:14:44 - 加载了 1 个项目
[INFO] 14:14:44 - Markdown报告: C:\Users\Administrator\clawd\agents\workspace-gid\data\ai\github-trending-2026-04-24.md
[INFO] 14:14:44 - ========== 采集完成 ==========
[INFO] 14:14:44 - 项目总数: 1
[INFO] 14:14:44 - GitHub API URL (browser模式): https://api.github.com/search/repositories?q=stars%3A%3E1000+pushed%3A%3E2026-03-25&sort=stars&order=desc&per_page=30
[INFO] 18:00:43 - ========== GitHub Trending 采集 v3 ==========
[INFO] 18:00:43 - 日期: 2026-04-24
[INFO] 18:00:43 - 发现已有数据: C:\Users\Administrator\clawd\agents\workspace-gid\data\ai\github-trending_latest.json
[INFO] 18:00:43 - 加载了 1 个项目
[INFO] 18:00:43 - Markdown报告: C:\Users\Administrator\clawd\agents\workspace-gid\data\ai\github-trending-2026-04-24.md
[INFO] 18:00:43 - ========== 采集完成 ==========
[INFO] 18:00:43 - 项目总数: 1
[INFO] 18:00:43 - GitHub API URL (browser模式): https://api.github.com/search/repositories?q=stars%3A%3E1000+pushed%3A%3E2026-03-25&sort=stars&order=desc&per_page=30
[INFO] 00:00:54 - ========== GitHub Trending 采集 v3 ==========
[INFO] 00:00:54 - 日期: 2026-04-25
[INFO] 00:00:54 - 发现已有数据: C:\Users\Administrator\clawd\agents\workspace-gid\data\ai\github-trending_latest.json
[INFO] 00:00:54 - 加载了 1 个项目
[INFO] 00:00:54 - Markdown报告: C:\Users\Administrator\clawd\agents\workspace-gid\data\ai\github-trending-2026-04-25.md
[INFO] 00:00:54 - ========== 采集完成 ==========
[INFO] 00:00:54 - 项目总数: 1
[INFO] 00:00:54 - GitHub API URL (browser模式): https://api.github.com/search/repositories?q=stars%3A%3E1000+pushed%3A%3E2026-03-26&sort=stars&order=desc&per_page=30
[INFO] 06:00:29 - ========== GitHub Trending 采集 v3 ==========
[INFO] 06:00:30 - 日期: 2026-04-25
[INFO] 06:00:30 - 发现已有数据: C:\Users\Administrator\clawd\agents\workspace-gid\data\ai\github-trending_latest.json
[INFO] 06:00:30 - 加载了 1 个项目
[INFO] 06:00:30 - Markdown报告: C:\Users\Administrator\clawd\agents\workspace-gid\data\ai\github-trending-2026-04-25.md
[INFO] 06:00:30 - ========== 采集完成 ==========
[INFO] 06:00:30 - 项目总数: 1
[INFO] 06:00:30 - GitHub API URL (browser模式): https://api.github.com/search/repositories?q=stars%3A%3E1000+pushed%3A%3E2026-03-26&sort=stars&order=desc&per_page=30
